E:\2.课题\4.表白程序备份\LITTLELUCK(告白气球完整版-加小幸运)\LITTLELUCKY\DEBUG\LITTLELUCKY.PCH
E:\2.课题\4.表白程序备份\LITTLELUCK(告白气球完整版-加小幸运)\LITTLELUCKY\DEBUG\STDAFX.OBJ
E:\2.课题\4.表白程序备份\LITTLELUCK(告白气球完整版-加小幸运)\LITTLELUCKY\DEBUG\VC110.PDB
E:\2.课题\4.表白程序备份\LITTLELUCK(告白气球完整版-加小幸运)\LITTLELUCKY\DEBUG\BACKGROUND.OBJ
E:\2.课题\4.表白程序备份\LITTLELUCK(告白气球完整版-加小幸运)\LITTLELUCKY\DEBUG\GAIBAIQIQIU.OBJ
E:\2.课题\4.表白程序备份\LITTLELUCK(告白气球完整版-加小幸运)\LITTLELUCKY\DEBUG\LITTLELUCKY.OBJ
E:\2.课题\4.表白程序备份\LITTLELUCK(告白气球完整版-加小幸运)\LITTLELUCKY\DEBUG\LITTLELUCKYDLG.OBJ
E:\2.课题\4.表白程序备份\LITTLELUCK(告白气球完整版-加小幸运)\LITTLELUCKY\DEBUG\MARRYME.OBJ
E:\2.课题\4.表白程序备份\LITTLELUCK(告白气球完整版-加小幸运)\LITTLELUCKY\DEBUG\MINDONE.OBJ
E:\2.课题\4.表白程序备份\LITTLELUCK(告白气球完整版-加小幸运)\LITTLELUCKY\DEBUG\MINDTWO.OBJ
E:\2.课题\4.表白程序备份\LITTLELUCK(告白气球完整版-加小幸运)\LITTLELUCKY\DEBUG\MYLOVE.OBJ
E:\2.课题\4.表白程序备份\LITTLELUCK(告白气球完整版-加小幸运)\LITTLELUCKY\DEBUG\NEWBUTTON2.OBJ
E:\2.课题\4.表白程序备份\LITTLELUCK(告白气球完整版-加小幸运)\LITTLELUCKY\DEBUG\PICTURE.OBJ
E:\2.课题\4.表白程序备份\LITTLELUCK(告白气球完整版-加小幸运)\LITTLELUCKY\DEBUG\PRAISE.OBJ
E:\2.课题\4.表白程序备份\LITTLELUCK(告白气球完整版-加小幸运)\LITTLELUCKY\DEBUG\ROMANTIC.OBJ
E:\2.课题\4.表白程序备份\LITTLELUCK(告白气球完整版-加小幸运)\LITTLELUCKY\DEBUG\RUNAWAY.OBJ
C:\USERS\DF\DESKTOP\LITTLELUCK(终极版-爱心+烟花)\LITTLELUCKY\DEBUG\LITTLELUCKY.PCH
C:\USERS\DF\DESKTOP\LITTLELUCK(终极版-爱心+烟花)\LITTLELUCKY\DEBUG\STDAFX.OBJ
C:\USERS\DF\DESKTOP\LITTLELUCK(终极版-爱心+烟花)\LITTLELUCKY\DEBUG\VC110.PDB
C:\USERS\DF\DESKTOP\LITTLELUCK(终极版-爱心+烟花)\LITTLELUCKY\DEBUG\BACKGROUND.OBJ
C:\USERS\DF\DESKTOP\LITTLELUCK(终极版-爱心+烟花)\LITTLELUCKY\DEBUG\GAIBAIQIQIU.OBJ
C:\USERS\DF\DESKTOP\LITTLELUCK(终极版-爱心+烟花)\LITTLELUCKY\DEBUG\LITTLELUCKY.OBJ
C:\USERS\DF\DESKTOP\LITTLELUCK(终极版-爱心+烟花)\LITTLELUCKY\DEBUG\LITTLELUCKYDLG.OBJ
C:\USERS\DF\DESKTOP\LITTLELUCK(终极版-爱心+烟花)\LITTLELUCKY\DEBUG\MARRYME.OBJ
C:\USERS\DF\DESKTOP\LITTLELUCK(终极版-爱心+烟花)\LITTLELUCKY\DEBUG\MINDONE.OBJ
C:\USERS\DF\DESKTOP\LITTLELUCK(终极版-爱心+烟花)\LITTLELUCKY\DEBUG\MINDTWO.OBJ
C:\USERS\DF\DESKTOP\LITTLELUCK(终极版-爱心+烟花)\LITTLELUCKY\DEBUG\MYLOVE.OBJ
C:\USERS\DF\DESKTOP\LITTLELUCK(终极版-爱心+烟花)\LITTLELUCKY\DEBUG\NEWBUTTON2.OBJ
C:\USERS\DF\DESKTOP\LITTLELUCK(终极版-爱心+烟花)\LITTLELUCKY\DEBUG\PICTURE.OBJ
C:\USERS\DF\DESKTOP\LITTLELUCK(终极版-爱心+烟花)\LITTLELUCKY\DEBUG\PRAISE.OBJ
C:\USERS\DF\DESKTOP\LITTLELUCK(终极版-爱心+烟花)\LITTLELUCKY\DEBUG\ROMANTIC.OBJ
C:\USERS\DF\DESKTOP\LITTLELUCK(终极版-爱心+烟花)\LITTLELUCKY\DEBUG\RUNAWAY.OBJ
E:\2.课题\4.表白程序备份\LITTLELUCK(告白气球完整版-加小幸运)\DEBUG\LITTLELUCKY.ILK
E:\2.课题\4.表白程序备份\LITTLELUCK(告白气球完整版-加小幸运)\DEBUG\LITTLELUCKY.EXE
E:\2.课题\4.表白程序备份\LITTLELUCK(告白气球完整版-加小幸运)\DEBUG\LITTLELUCKY.PDB
C:\USERS\DF\DESKTOP\LITTLELUCK(终极版-爱心+烟花)\DEBUG\LITTLELUCKY.ILK
C:\USERS\DF\DESKTOP\LITTLELUCK(终极版-爱心+烟花)\DEBUG\LITTLELUCKY.EXE
C:\USERS\DF\DESKTOP\LITTLELUCK(终极版-爱心+烟花)\DEBUG\LITTLELUCKY.PDB
E:\2.课题\4.表白程序备份\LITTLELUCK(告白气球完整版-加小幸运)\LITTLELUCKY\DEBUG\LITTLELUCKY.RES
C:\USERS\DF\DESKTOP\LITTLELUCK(终极版-爱心+烟花)\LITTLELUCKY\DEBUG\LITTLELUCKY.RES
C:\Users\df\Desktop\LittleLuck(终极版-爱心+烟花)\LittleLucky\Debug\BackGround.obj
C:\Users\df\Desktop\LittleLuck(终极版-爱心+烟花)\LittleLucky\Debug\GaiBaiQiQiu.obj
C:\Users\df\Desktop\LittleLuck(终极版-爱心+烟花)\LittleLucky\Debug\LittleLucky.obj
C:\Users\df\Desktop\LittleLuck(终极版-爱心+烟花)\LittleLucky\Debug\LittleLuckyDlg.obj
C:\Users\df\Desktop\LittleLuck(终极版-爱心+烟花)\LittleLucky\Debug\MarryMe.obj
C:\Users\df\Desktop\LittleLuck(终极版-爱心+烟花)\LittleLucky\Debug\MindOne.obj
C:\Users\df\Desktop\LittleLuck(终极版-爱心+烟花)\LittleLucky\Debug\MindTwo.obj
C:\Users\df\Desktop\LittleLuck(终极版-爱心+烟花)\LittleLucky\Debug\MyLove.obj
C:\Users\df\Desktop\LittleLuck(终极版-爱心+烟花)\LittleLucky\Debug\NewButton2.obj
C:\Users\df\Desktop\LittleLuck(终极版-爱心+烟花)\LittleLucky\Debug\Picture.obj
C:\Users\df\Desktop\LittleLuck(终极版-爱心+烟花)\LittleLucky\Debug\Praise.obj
C:\Users\df\Desktop\LittleLuck(终极版-爱心+烟花)\LittleLucky\Debug\Romantic.obj
C:\Users\df\Desktop\LittleLuck(终极版-爱心+烟花)\LittleLucky\Debug\Runaway.obj
C:\Users\df\Desktop\LittleLuck(终极版-爱心+烟花)\LittleLucky\Debug\stdafx.obj
C:\Users\df\Desktop\LittleLuck(终极版-爱心+烟花)\LittleLucky\Debug\cl.command.1.tlog
C:\Users\df\Desktop\LittleLuck(终极版-爱心+烟花)\LittleLucky\Debug\CL.read.1.tlog
C:\Users\df\Desktop\LittleLuck(终极版-爱心+烟花)\LittleLucky\Debug\CL.write.1.tlog
C:\Users\df\Desktop\LittleLuck(终极版-爱心+烟花)\LittleLucky\Debug\link-cvtres.read.1.tlog
C:\Users\df\Desktop\LittleLuck(终极版-爱心+烟花)\LittleLucky\Debug\link-cvtres.write.1.tlog
C:\Users\df\Desktop\LittleLuck(终极版-爱心+烟花)\LittleLucky\Debug\link-mt.read.1.tlog
C:\Users\df\Desktop\LittleLuck(终极版-爱心+烟花)\LittleLucky\Debug\link-mt.write.1.tlog
C:\Users\df\Desktop\LittleLuck(终极版-爱心+烟花)\LittleLucky\Debug\link-rc.read.1.tlog
C:\Users\df\Desktop\LittleLuck(终极版-爱心+烟花)\LittleLucky\Debug\link-rc.write.1.tlog
C:\Users\df\Desktop\LittleLuck(终极版-爱心+烟花)\LittleLucky\Debug\link.command.1.tlog
C:\Users\df\Desktop\LittleLuck(终极版-爱心+烟花)\LittleLucky\Debug\link.read.1.tlog
C:\Users\df\Desktop\LittleLuck(终极版-爱心+烟花)\LittleLucky\Debug\link.write.1.tlog
C:\Users\df\Desktop\LittleLuck(终极版-爱心+烟花)\LittleLucky\Debug\rc.command.1.tlog
C:\Users\df\Desktop\LittleLuck(终极版-爱心+烟花)\LittleLucky\Debug\rc.read.1.tlog
C:\Users\df\Desktop\LittleLuck(终极版-爱心+烟花)\LittleLucky\Debug\rc.write.1.tlog
C:\Users\df\Desktop\LittleLuck(终极版-爱心+烟花)\LittleLucky\Debug\LittleLucky.res
C:\Users\df\Desktop\LittleLuck(终极版-爱心+烟花)\LittleLucky\Debug\LittleLucky.pch
C:\Users\df\Desktop\LittleLuck(终极版-爱心+烟花)\LittleLucky\Debug\vc110.idb
C:\Users\df\Desktop\LittleLuck(终极版-爱心+烟花)\LittleLucky\Debug\vc110.pdb
C:\Users\df\Desktop\LittleLuck(终极版-爱心+烟花)\Debug\LittleLucky.pdb
C:\Users\df\Desktop\LittleLuck(终极版-爱心+烟花)\Debug\LittleLucky.exe
C:\Users\df\Desktop\LittleLuck(终极版-爱心+烟花)\Debug\LittleLucky.ilk
