G:\LITTLELUCK(告白气球完整版)\LITTLELUCKY\RELEASE\LITTLELUCKY.PCH
G:\LITTLELUCK(告白气球完整版)\LITTLELUCKY\RELEASE\STDAFX.OBJ
G:\LITTLELUCK(告白气球完整版)\LITTLELUCKY\RELEASE\VC110.PDB
G:\LITTLELUCK(告白气球完整版)\LITTLELUCKY\RELEASE\RUNAWAY.OBJ
G:\LITTLELUCK(告白气球完整版)\LITTLELUCKY\RELEASE\ROMANTIC.OBJ
G:\LITTLELUCK(告白气球完整版)\LITTLELUCKY\RELEASE\PRAISE.OBJ
G:\LITTLELUCK(告白气球完整版)\LITTLELUCKY\RELEASE\PICTURE.OBJ
G:\LITTLELUCK(告白气球完整版)\LITTLELUCKY\RELEASE\NEWBUTTON2.OBJ
G:\LITTLELUCK(告白气球完整版)\LITTLELUCKY\RELEASE\MYLOVE.OBJ
G:\LITTLELUCK(告白气球完整版)\LITTLELUCKY\RELEASE\MINDTWO.OBJ
G:\LITTLELUCK(告白气球完整版)\LITTLELUCKY\RELEASE\MINDONE.OBJ
G:\LITTLELUCK(告白气球完整版)\LITTLELUCKY\RELEASE\MARRYME.OBJ
G:\LITTLELUCK(告白气球完整版)\LITTLELUCKY\RELEASE\LITTLELUCKYDLG.OBJ
G:\LITTLELUCK(告白气球完整版)\LITTLELUCKY\RELEASE\LITTLELUCKY.OBJ
G:\LITTLELUCK(告白气球完整版)\LITTLELUCKY\RELEASE\GAIBAIQIQIU.OBJ
G:\LITTLELUCK(告白气球完整版)\LITTLELUCKY\RELEASE\BACKGROUND.OBJ
G:\LITTLELUCK(告白气球完整版)\LITTLELUCKY\RELEASE\LITTLELUCKY.RES
G:\LITTLELUCK(告白气球完整版)\RELEASE\LITTLELUCKY.EXE
G:\LITTLELUCK(告白气球完整版)\RELEASE\LITTLELUCKY.PDB
G:\LittleLuck(告白气球完整版)\LittleLucky\Release\stdafx.obj
G:\LittleLuck(告白气球完整版)\LittleLucky\Release\Runaway.obj
G:\LittleLuck(告白气球完整版)\LittleLucky\Release\Romantic.obj
G:\LittleLuck(告白气球完整版)\LittleLucky\Release\Praise.obj
G:\LittleLuck(告白气球完整版)\LittleLucky\Release\Picture.obj
G:\LittleLuck(告白气球完整版)\LittleLucky\Release\NewButton2.obj
G:\LittleLuck(告白气球完整版)\LittleLucky\Release\MyLove.obj
G:\LittleLuck(告白气球完整版)\LittleLucky\Release\MindTwo.obj
G:\LittleLuck(告白气球完整版)\LittleLucky\Release\MindOne.obj
G:\LittleLuck(告白气球完整版)\LittleLucky\Release\MarryMe.obj
G:\LittleLuck(告白气球完整版)\LittleLucky\Release\LittleLuckyDlg.obj
G:\LittleLuck(告白气球完整版)\LittleLucky\Release\LittleLucky.obj
G:\LittleLuck(告白气球完整版)\LittleLucky\Release\GaiBaiQiQiu.obj
G:\LittleLuck(告白气球完整版)\LittleLucky\Release\BackGround.obj
G:\LittleLuck(告白气球完整版)\LittleLucky\Release\CL.read.1.tlog
G:\LittleLuck(告白气球完整版)\LittleLucky\Release\CL.write.1.tlog
G:\LittleLuck(告白气球完整版)\LittleLucky\Release\cl.command.1.tlog
G:\LittleLuck(告白气球完整版)\LittleLucky\Release\rc.read.1.tlog
G:\LittleLuck(告白气球完整版)\LittleLucky\Release\rc.write.1.tlog
G:\LittleLuck(告白气球完整版)\LittleLucky\Release\rc.command.1.tlog
G:\LittleLuck(告白气球完整版)\LittleLucky\Release\link-mt.read.1.tlog
G:\LittleLuck(告白气球完整版)\LittleLucky\Release\link-mt.write.1.tlog
G:\LittleLuck(告白气球完整版)\LittleLucky\Release\link-rc.read.1.tlog
G:\LittleLuck(告白气球完整版)\LittleLucky\Release\link-rc.write.1.tlog
G:\LittleLuck(告白气球完整版)\LittleLucky\Release\link-cvtres.read.1.tlog
G:\LittleLuck(告白气球完整版)\LittleLucky\Release\link-cvtres.write.1.tlog
G:\LittleLuck(告白气球完整版)\LittleLucky\Release\link.read.1.tlog
G:\LittleLuck(告白气球完整版)\LittleLucky\Release\link.write.1.tlog
G:\LittleLuck(告白气球完整版)\LittleLucky\Release\link.command.1.tlog
G:\LittleLuck(告白气球完整版)\LittleLucky\Release\LittleLucky.res
G:\LittleLuck(告白气球完整版)\LittleLucky\Release\LittleLucky.pch
G:\LittleLuck(告白气球完整版)\LittleLucky\Release\vc110.pdb
G:\LittleLuck(告白气球完整版)\Release\LittleLucky.pdb
G:\LittleLuck(告白气球完整版)\Release\LittleLucky.exe
